
13. Printing statistics.

=== sphere3_32 ===

   Number of wires:              64867
   Number of wire bits:          79150
   Number of public wires:         505
   Number of public wire bits:   13886
   Number of memories:               0
   Number of memory bits:            0
   Number of processes:              0
   Number of cells:              66511
     $_ANDNOT_                    3950
     $_AND_                       2820
     $_AOI3_                      3544
     $_AOI4_                         1
     $_DFF_PN0_                    961
     $_DFF_PN1_                      2
     $_MUX_                       6059
     $_NAND_                       427
     $_NOR_                      21177
     $_NOT_                       3702
     $_OAI3_                      1130
     $_OAI4_                         4
     $_ORNOT_                     1755
     $_OR_                        1133
     $_XNOR_                     16931
     $_XOR_                       2915

