
11. Printing statistics.

=== sphere_32 ===

   Number of wires:              30596
   Number of wire bits:          33862
   Number of public wires:         144
   Number of public wire bits:    2953
   Number of memories:               0
   Number of memory bits:            0
   Number of processes:              0
   Number of cells:              31555
     $_ANDNOT_                    1846
     $_AND_                       2421
     $_AOI3_                      1714
     $_DFF_PN0_                    489
     $_DFF_PN1_                      1
     $_MUX_                       2616
     $_NAND_                       271
     $_NOR_                       8448
     $_NOT_                       1762
     $_OAI3_                       686
     $_OAI4_                         3
     $_ORNOT_                     1027
     $_OR_                         472
     $_XNOR_                      8207
     $_XOR_                       1592

